[2020-02-12 11:24:05] INFO  org.springframework.boot.StartupInfoLogger 55 logStarting - Starting DablApplication on DESKTOP-O54NTPF with PID 22392 (D:\WORK\XM\dabl\target\classes started by 57148 in D:\WORK\XM\dabl)
[2020-02-12 11:24:05] INFO  org.springframework.boot.SpringApplication 655 logStartupProfileInfo - The following profiles are active: dev
[2020-02-12 11:24:05] INFO  org.springframework.boot.logging.DeferredLog 225 logTo - Devtools property defaults active! Set 'spring.devtools.add-properties' to 'false' to disable
[2020-02-12 11:24:05] INFO  org.springframework.boot.logging.DeferredLog 225 logTo - For additional web related logging consider setting the 'logging.level.web' property to 'DEBUG'
[2020-02-12 11:24:08] INFO  org.springframework.data.repository.config.RepositoryConfigurationDelegate 249 multipleStoresDetected - Multiple Spring Data modules found, entering strict repository configuration mode!
[2020-02-12 11:24:08] INFO  org.springframework.data.repository.config.RepositoryConfigurationDelegate 127 registerRepositoriesIn - Bootstrapping Spring Data Elasticsearch repositories in DEFAULT mode.
[2020-02-12 11:24:08] INFO  org.springframework.data.repository.config.RepositoryConfigurationDelegate 187 registerRepositoriesIn - Finished Spring Data repository scanning in 114ms. Found 1 Elasticsearch repository interfaces.
[2020-02-12 11:24:08] INFO  org.springframework.data.repository.config.RepositoryConfigurationDelegate 249 multipleStoresDetected - Multiple Spring Data modules found, entering strict repository configuration mode!
[2020-02-12 11:24:08] INFO  org.springframework.data.repository.config.RepositoryConfigurationDelegate 127 registerRepositoriesIn - Bootstrapping Spring Data Reactive Elasticsearch repositories in DEFAULT mode.
[2020-02-12 11:24:08] INFO  org.springframework.data.repository.config.RepositoryConfigurationDelegate 187 registerRepositoriesIn - Finished Spring Data repository scanning in 22ms. Found 0 Reactive Elasticsearch repository interfaces.
[2020-02-12 11:24:08] INFO  org.springframework.data.repository.config.RepositoryConfigurationDelegate 249 multipleStoresDetected - Multiple Spring Data modules found, entering strict repository configuration mode!
[2020-02-12 11:24:08] INFO  org.springframework.data.repository.config.RepositoryConfigurationDelegate 127 registerRepositoriesIn - Bootstrapping Spring Data Redis repositories in DEFAULT mode.
[2020-02-12 11:24:08] INFO  org.springframework.data.repository.config.RepositoryConfigurationExtensionSupport 348 isStrictRepositoryCandidate - Spring Data Redis - Could not safely identify store assignment for repository candidate interface marco.zlc.dabl.modules.system.entity.SysElasticSerach. If you want this repository to be a Redis repository, consider annotating your entities with one of these annotations: org.springframework.data.redis.core.RedisHash (preferred), or consider extending one of the following types with your repository: org.springframework.data.keyvalue.repository.KeyValueRepository.
[2020-02-12 11:24:08] INFO  org.springframework.data.repository.config.RepositoryConfigurationDelegate 187 registerRepositoriesIn - Finished Spring Data repository scanning in 21ms. Found 0 Redis repository interfaces.
[2020-02-12 11:24:09] INFO  org.springframework.context.support.PostProcessorRegistrationDelegate$BeanPostProcessorChecker 330 postProcessAfterInitialization - Bean 'org.springframework.transaction.annotation.ProxyTransactionManagementConfiguration' of type [org.springframework.transaction.annotation.ProxyTransactionManagementConfiguration] is not eligible for getting processed by all BeanPostProcessors (for example: not eligible for auto-proxying)
[2020-02-12 11:24:09] INFO  org.springframework.boot.web.embedded.tomcat.TomcatWebServer 92 initialize - Tomcat initialized with port(s): 8085 (http)
[2020-02-12 11:24:09] INFO  org.apache.juli.logging.DirectJDKLog 173 log - Starting service [Tomcat]
[2020-02-12 11:24:09] INFO  org.apache.juli.logging.DirectJDKLog 173 log - Starting Servlet engine: [Apache Tomcat/9.0.30]
[2020-02-12 11:24:09] INFO  org.apache.juli.logging.DirectJDKLog 173 log - Loaded APR based Apache Tomcat Native library [1.2.23] using APR version [1.7.0].
[2020-02-12 11:24:09] INFO  org.apache.juli.logging.DirectJDKLog 173 log - APR capabilities: IPv6 [true], sendfile [true], accept filters [false], random [true].
[2020-02-12 11:24:09] INFO  org.apache.juli.logging.DirectJDKLog 173 log - APR/OpenSSL configuration: useAprConnector [false], useOpenSSL [true]
[2020-02-12 11:24:09] INFO  org.apache.juli.logging.DirectJDKLog 173 log - OpenSSL successfully initialized [OpenSSL 1.1.1c  28 May 2019]
[2020-02-12 11:24:10] INFO  org.apache.juli.logging.DirectJDKLog 173 log - Initializing Spring embedded WebApplicationContext
[2020-02-12 11:24:10] INFO  org.springframework.boot.web.servlet.context.ServletWebServerApplicationContext 284 prepareWebApplicationContext - Root WebApplicationContext: initialization completed in 4544 ms
[2020-02-12 11:24:10] INFO  org.springframework.boot.web.servlet.DynamicRegistrationBean 110 register - Servlet statViewServlet was not registered (possibly already registered?)
[2020-02-12 11:24:10] INFO  org.springframework.boot.web.servlet.DynamicRegistrationBean 110 register - Filter webStatFilter was not registered (possibly already registered?)
[2020-02-12 11:24:10] INFO  org.apache.juli.logging.DirectJDKLog 173 log - Stopping service [Tomcat]
[2020-02-12 11:30:21] INFO  org.springframework.boot.StartupInfoLogger 55 logStarting - Starting DablApplication on DESKTOP-O54NTPF with PID 21096 (D:\WORK\XM\dabl\target\classes started by 57148 in D:\WORK\XM\dabl)
[2020-02-12 11:30:21] INFO  org.springframework.boot.SpringApplication 655 logStartupProfileInfo - The following profiles are active: dev
[2020-02-12 11:30:21] INFO  org.springframework.boot.logging.DeferredLog 225 logTo - Devtools property defaults active! Set 'spring.devtools.add-properties' to 'false' to disable
[2020-02-12 11:30:21] INFO  org.springframework.boot.logging.DeferredLog 225 logTo - For additional web related logging consider setting the 'logging.level.web' property to 'DEBUG'
[2020-02-12 11:30:22] INFO  org.springframework.data.repository.config.RepositoryConfigurationDelegate 249 multipleStoresDetected - Multiple Spring Data modules found, entering strict repository configuration mode!
[2020-02-12 11:30:22] INFO  org.springframework.data.repository.config.RepositoryConfigurationDelegate 127 registerRepositoriesIn - Bootstrapping Spring Data Elasticsearch repositories in DEFAULT mode.
[2020-02-12 11:30:22] INFO  org.springframework.data.repository.config.RepositoryConfigurationDelegate 187 registerRepositoriesIn - Finished Spring Data repository scanning in 88ms. Found 1 Elasticsearch repository interfaces.
[2020-02-12 11:30:22] INFO  org.springframework.data.repository.config.RepositoryConfigurationDelegate 249 multipleStoresDetected - Multiple Spring Data modules found, entering strict repository configuration mode!
[2020-02-12 11:30:22] INFO  org.springframework.data.repository.config.RepositoryConfigurationDelegate 127 registerRepositoriesIn - Bootstrapping Spring Data Reactive Elasticsearch repositories in DEFAULT mode.
[2020-02-12 11:30:22] INFO  org.springframework.data.repository.config.RepositoryConfigurationDelegate 187 registerRepositoriesIn - Finished Spring Data repository scanning in 35ms. Found 0 Reactive Elasticsearch repository interfaces.
[2020-02-12 11:30:22] INFO  org.springframework.data.repository.config.RepositoryConfigurationDelegate 249 multipleStoresDetected - Multiple Spring Data modules found, entering strict repository configuration mode!
[2020-02-12 11:30:22] INFO  org.springframework.data.repository.config.RepositoryConfigurationDelegate 127 registerRepositoriesIn - Bootstrapping Spring Data Redis repositories in DEFAULT mode.
[2020-02-12 11:30:22] INFO  org.springframework.data.repository.config.RepositoryConfigurationExtensionSupport 348 isStrictRepositoryCandidate - Spring Data Redis - Could not safely identify store assignment for repository candidate interface marco.zlc.dabl.modules.system.entity.SysElasticSerach. If you want this repository to be a Redis repository, consider annotating your entities with one of these annotations: org.springframework.data.redis.core.RedisHash (preferred), or consider extending one of the following types with your repository: org.springframework.data.keyvalue.repository.KeyValueRepository.
[2020-02-12 11:30:22] INFO  org.springframework.data.repository.config.RepositoryConfigurationDelegate 187 registerRepositoriesIn - Finished Spring Data repository scanning in 23ms. Found 0 Redis repository interfaces.
[2020-02-12 11:30:23] INFO  org.springframework.context.support.PostProcessorRegistrationDelegate$BeanPostProcessorChecker 330 postProcessAfterInitialization - Bean 'org.springframework.transaction.annotation.ProxyTransactionManagementConfiguration' of type [org.springframework.transaction.annotation.ProxyTransactionManagementConfiguration] is not eligible for getting processed by all BeanPostProcessors (for example: not eligible for auto-proxying)
[2020-02-12 11:30:23] INFO  org.springframework.boot.web.embedded.tomcat.TomcatWebServer 92 initialize - Tomcat initialized with port(s): 8085 (http)
[2020-02-12 11:30:23] INFO  org.apache.juli.logging.DirectJDKLog 173 log - Starting service [Tomcat]
[2020-02-12 11:30:23] INFO  org.apache.juli.logging.DirectJDKLog 173 log - Starting Servlet engine: [Apache Tomcat/9.0.30]
[2020-02-12 11:30:23] INFO  org.apache.juli.logging.DirectJDKLog 173 log - Loaded APR based Apache Tomcat Native library [1.2.23] using APR version [1.7.0].
[2020-02-12 11:30:23] INFO  org.apache.juli.logging.DirectJDKLog 173 log - APR capabilities: IPv6 [true], sendfile [true], accept filters [false], random [true].
[2020-02-12 11:30:23] INFO  org.apache.juli.logging.DirectJDKLog 173 log - APR/OpenSSL configuration: useAprConnector [false], useOpenSSL [true]
[2020-02-12 11:30:23] INFO  org.apache.juli.logging.DirectJDKLog 173 log - OpenSSL successfully initialized [OpenSSL 1.1.1c  28 May 2019]
[2020-02-12 11:30:23] INFO  org.apache.juli.logging.DirectJDKLog 173 log - Initializing Spring embedded WebApplicationContext
[2020-02-12 11:30:23] INFO  org.springframework.boot.web.servlet.context.ServletWebServerApplicationContext 284 prepareWebApplicationContext - Root WebApplicationContext: initialization completed in 2703 ms
[2020-02-12 11:30:24] INFO  org.springframework.boot.web.servlet.DynamicRegistrationBean 110 register - Servlet statViewServlet was not registered (possibly already registered?)
[2020-02-12 11:30:24] INFO  org.springframework.boot.web.servlet.DynamicRegistrationBean 110 register - Filter webStatFilter was not registered (possibly already registered?)
[2020-02-12 11:30:24] INFO  org.apache.juli.logging.DirectJDKLog 173 log - Stopping service [Tomcat]
[2020-02-12 11:34:08] INFO  org.springframework.boot.StartupInfoLogger 55 logStarting - Starting DablApplication on DESKTOP-O54NTPF with PID 6288 (D:\WORK\XM\dabl\target\classes started by 57148 in D:\WORK\XM\dabl)
[2020-02-12 11:34:08] INFO  org.springframework.boot.SpringApplication 655 logStartupProfileInfo - The following profiles are active: dev
[2020-02-12 11:34:08] INFO  org.springframework.boot.logging.DeferredLog 225 logTo - Devtools property defaults active! Set 'spring.devtools.add-properties' to 'false' to disable
[2020-02-12 11:34:08] INFO  org.springframework.boot.logging.DeferredLog 225 logTo - For additional web related logging consider setting the 'logging.level.web' property to 'DEBUG'
[2020-02-12 11:34:10] INFO  org.springframework.data.repository.config.RepositoryConfigurationDelegate 249 multipleStoresDetected - Multiple Spring Data modules found, entering strict repository configuration mode!
[2020-02-12 11:34:10] INFO  org.springframework.data.repository.config.RepositoryConfigurationDelegate 127 registerRepositoriesIn - Bootstrapping Spring Data Elasticsearch repositories in DEFAULT mode.
[2020-02-12 11:34:10] INFO  org.springframework.data.repository.config.RepositoryConfigurationDelegate 187 registerRepositoriesIn - Finished Spring Data repository scanning in 82ms. Found 1 Elasticsearch repository interfaces.
[2020-02-12 11:34:10] INFO  org.springframework.data.repository.config.RepositoryConfigurationDelegate 249 multipleStoresDetected - Multiple Spring Data modules found, entering strict repository configuration mode!
[2020-02-12 11:34:10] INFO  org.springframework.data.repository.config.RepositoryConfigurationDelegate 127 registerRepositoriesIn - Bootstrapping Spring Data Reactive Elasticsearch repositories in DEFAULT mode.
[2020-02-12 11:34:10] INFO  org.springframework.data.repository.config.RepositoryConfigurationDelegate 187 registerRepositoriesIn - Finished Spring Data repository scanning in 21ms. Found 0 Reactive Elasticsearch repository interfaces.
[2020-02-12 11:34:10] INFO  org.springframework.data.repository.config.RepositoryConfigurationDelegate 249 multipleStoresDetected - Multiple Spring Data modules found, entering strict repository configuration mode!
[2020-02-12 11:34:10] INFO  org.springframework.data.repository.config.RepositoryConfigurationDelegate 127 registerRepositoriesIn - Bootstrapping Spring Data Redis repositories in DEFAULT mode.
[2020-02-12 11:34:10] INFO  org.springframework.data.repository.config.RepositoryConfigurationExtensionSupport 348 isStrictRepositoryCandidate - Spring Data Redis - Could not safely identify store assignment for repository candidate interface marco.zlc.dabl.modules.system.entity.SysElasticSerach. If you want this repository to be a Redis repository, consider annotating your entities with one of these annotations: org.springframework.data.redis.core.RedisHash (preferred), or consider extending one of the following types with your repository: org.springframework.data.keyvalue.repository.KeyValueRepository.
[2020-02-12 11:34:10] INFO  org.springframework.data.repository.config.RepositoryConfigurationDelegate 187 registerRepositoriesIn - Finished Spring Data repository scanning in 20ms. Found 0 Redis repository interfaces.
[2020-02-12 11:34:10] INFO  org.springframework.context.support.PostProcessorRegistrationDelegate$BeanPostProcessorChecker 330 postProcessAfterInitialization - Bean 'org.springframework.transaction.annotation.ProxyTransactionManagementConfiguration' of type [org.springframework.transaction.annotation.ProxyTransactionManagementConfiguration] is not eligible for getting processed by all BeanPostProcessors (for example: not eligible for auto-proxying)
[2020-02-12 11:34:11] INFO  org.springframework.boot.web.embedded.tomcat.TomcatWebServer 92 initialize - Tomcat initialized with port(s): 8085 (http)
[2020-02-12 11:34:11] INFO  org.apache.juli.logging.DirectJDKLog 173 log - Starting service [Tomcat]
[2020-02-12 11:34:11] INFO  org.apache.juli.logging.DirectJDKLog 173 log - Starting Servlet engine: [Apache Tomcat/9.0.30]
[2020-02-12 11:34:11] INFO  org.apache.juli.logging.DirectJDKLog 173 log - Loaded APR based Apache Tomcat Native library [1.2.23] using APR version [1.7.0].
[2020-02-12 11:34:11] INFO  org.apache.juli.logging.DirectJDKLog 173 log - APR capabilities: IPv6 [true], sendfile [true], accept filters [false], random [true].
[2020-02-12 11:34:11] INFO  org.apache.juli.logging.DirectJDKLog 173 log - APR/OpenSSL configuration: useAprConnector [false], useOpenSSL [true]
[2020-02-12 11:34:11] INFO  org.apache.juli.logging.DirectJDKLog 173 log - OpenSSL successfully initialized [OpenSSL 1.1.1c  28 May 2019]
[2020-02-12 11:34:11] INFO  org.apache.juli.logging.DirectJDKLog 173 log - Initializing Spring embedded WebApplicationContext
[2020-02-12 11:34:11] INFO  org.springframework.boot.web.servlet.context.ServletWebServerApplicationContext 284 prepareWebApplicationContext - Root WebApplicationContext: initialization completed in 2635 ms
[2020-02-12 11:34:11] INFO  org.springframework.boot.web.servlet.DynamicRegistrationBean 110 register - Servlet statViewServlet was not registered (possibly already registered?)
[2020-02-12 11:34:11] INFO  org.springframework.boot.web.servlet.DynamicRegistrationBean 110 register - Filter webStatFilter was not registered (possibly already registered?)
[2020-02-12 11:34:11] INFO  org.apache.juli.logging.DirectJDKLog 173 log - Stopping service [Tomcat]
[2020-02-12 11:37:05] INFO  org.springframework.boot.StartupInfoLogger 55 logStarting - Starting DablApplication on DESKTOP-O54NTPF with PID 19168 (D:\WORK\XM\dabl\target\classes started by 57148 in D:\WORK\XM\dabl)
[2020-02-12 11:37:05] INFO  org.springframework.boot.SpringApplication 655 logStartupProfileInfo - The following profiles are active: dev
[2020-02-12 11:37:05] INFO  org.springframework.boot.logging.DeferredLog 225 logTo - Devtools property defaults active! Set 'spring.devtools.add-properties' to 'false' to disable
[2020-02-12 11:37:05] INFO  org.springframework.boot.logging.DeferredLog 225 logTo - For additional web related logging consider setting the 'logging.level.web' property to 'DEBUG'
[2020-02-12 11:37:06] INFO  org.springframework.data.repository.config.RepositoryConfigurationDelegate 249 multipleStoresDetected - Multiple Spring Data modules found, entering strict repository configuration mode!
[2020-02-12 11:37:06] INFO  org.springframework.data.repository.config.RepositoryConfigurationDelegate 127 registerRepositoriesIn - Bootstrapping Spring Data Elasticsearch repositories in DEFAULT mode.
[2020-02-12 11:37:07] INFO  org.springframework.data.repository.config.RepositoryConfigurationDelegate 187 registerRepositoriesIn - Finished Spring Data repository scanning in 103ms. Found 1 Elasticsearch repository interfaces.
[2020-02-12 11:37:07] INFO  org.springframework.data.repository.config.RepositoryConfigurationDelegate 249 multipleStoresDetected - Multiple Spring Data modules found, entering strict repository configuration mode!
[2020-02-12 11:37:07] INFO  org.springframework.data.repository.config.RepositoryConfigurationDelegate 127 registerRepositoriesIn - Bootstrapping Spring Data Reactive Elasticsearch repositories in DEFAULT mode.
[2020-02-12 11:37:07] INFO  org.springframework.data.repository.config.RepositoryConfigurationDelegate 187 registerRepositoriesIn - Finished Spring Data repository scanning in 28ms. Found 0 Reactive Elasticsearch repository interfaces.
[2020-02-12 11:37:07] INFO  org.springframework.data.repository.config.RepositoryConfigurationDelegate 249 multipleStoresDetected - Multiple Spring Data modules found, entering strict repository configuration mode!
[2020-02-12 11:37:07] INFO  org.springframework.data.repository.config.RepositoryConfigurationDelegate 127 registerRepositoriesIn - Bootstrapping Spring Data Redis repositories in DEFAULT mode.
[2020-02-12 11:37:07] INFO  org.springframework.data.repository.config.RepositoryConfigurationExtensionSupport 348 isStrictRepositoryCandidate - Spring Data Redis - Could not safely identify store assignment for repository candidate interface marco.zlc.dabl.modules.system.entity.SysElasticSerach. If you want this repository to be a Redis repository, consider annotating your entities with one of these annotations: org.springframework.data.redis.core.RedisHash (preferred), or consider extending one of the following types with your repository: org.springframework.data.keyvalue.repository.KeyValueRepository.
[2020-02-12 11:37:07] INFO  org.springframework.data.repository.config.RepositoryConfigurationDelegate 187 registerRepositoriesIn - Finished Spring Data repository scanning in 26ms. Found 0 Redis repository interfaces.
[2020-02-12 11:37:07] INFO  org.springframework.context.support.PostProcessorRegistrationDelegate$BeanPostProcessorChecker 330 postProcessAfterInitialization - Bean 'org.springframework.transaction.annotation.ProxyTransactionManagementConfiguration' of type [org.springframework.transaction.annotation.ProxyTransactionManagementConfiguration] is not eligible for getting processed by all BeanPostProcessors (for example: not eligible for auto-proxying)
[2020-02-12 11:37:08] INFO  org.springframework.boot.web.embedded.tomcat.TomcatWebServer 92 initialize - Tomcat initialized with port(s): 8085 (http)
[2020-02-12 11:37:08] INFO  org.apache.juli.logging.DirectJDKLog 173 log - Starting service [Tomcat]
[2020-02-12 11:37:08] INFO  org.apache.juli.logging.DirectJDKLog 173 log - Starting Servlet engine: [Apache Tomcat/9.0.30]
[2020-02-12 11:37:08] INFO  org.apache.juli.logging.DirectJDKLog 173 log - Loaded APR based Apache Tomcat Native library [1.2.23] using APR version [1.7.0].
[2020-02-12 11:37:08] INFO  org.apache.juli.logging.DirectJDKLog 173 log - APR capabilities: IPv6 [true], sendfile [true], accept filters [false], random [true].
[2020-02-12 11:37:08] INFO  org.apache.juli.logging.DirectJDKLog 173 log - APR/OpenSSL configuration: useAprConnector [false], useOpenSSL [true]
[2020-02-12 11:37:08] INFO  org.apache.juli.logging.DirectJDKLog 173 log - OpenSSL successfully initialized [OpenSSL 1.1.1c  28 May 2019]
[2020-02-12 11:37:08] INFO  org.apache.juli.logging.DirectJDKLog 173 log - Initializing Spring embedded WebApplicationContext
[2020-02-12 11:37:08] INFO  org.springframework.boot.web.servlet.context.ServletWebServerApplicationContext 284 prepareWebApplicationContext - Root WebApplicationContext: initialization completed in 3043 ms
[2020-02-12 11:37:08] INFO  org.springframework.boot.web.servlet.DynamicRegistrationBean 110 register - Servlet statViewServlet was not registered (possibly already registered?)
[2020-02-12 11:37:08] INFO  org.springframework.boot.web.servlet.DynamicRegistrationBean 110 register - Filter webStatFilter was not registered (possibly already registered?)
[2020-02-12 11:37:08] INFO  org.messaginghub.pooled.jms.JmsPoolConnectionFactory 198 setConnectionFactory - Provided ConnectionFactory implementation is JMS 2.0+ capable.
[2020-02-12 11:37:10] INFO  org.elasticsearch.plugins.PluginsService 197 logPluginInfo - no modules loaded
[2020-02-12 11:37:10] INFO  org.elasticsearch.plugins.PluginsService 200 logPluginInfo - loaded plugin [org.elasticsearch.index.reindex.ReindexPlugin]
[2020-02-12 11:37:10] INFO  org.elasticsearch.plugins.PluginsService 200 logPluginInfo - loaded plugin [org.elasticsearch.join.ParentJoinPlugin]
[2020-02-12 11:37:10] INFO  org.elasticsearch.plugins.PluginsService 200 logPluginInfo - loaded plugin [org.elasticsearch.percolator.PercolatorPlugin]
[2020-02-12 11:37:10] INFO  org.elasticsearch.plugins.PluginsService 200 logPluginInfo - loaded plugin [org.elasticsearch.script.mustache.MustachePlugin]
[2020-02-12 11:37:10] INFO  org.elasticsearch.plugins.PluginsService 200 logPluginInfo - loaded plugin [org.elasticsearch.transport.Netty4Plugin]
[2020-02-12 11:37:13] INFO  org.springframework.data.elasticsearch.client.TransportClientFactoryBean 88 lambda$buildClient$0 - Adding transport node : 127.0.0.1:9300
[2020-02-12 11:37:17] INFO  org.springframework.boot.devtools.autoconfigure.OptionalLiveReloadServer 58 startServer - LiveReload server is running on port 35729
[2020-02-12 11:37:18] INFO  springfox.documentation.spring.web.PropertySourcedRequestMappingHandlerMapping 69 initHandlerMethods - Mapped URL path [/v2/api-docs] onto method [springfox.documentation.swagger2.web.Swagger2Controller#getDocumentation(String, HttpServletRequest)]
[2020-02-12 11:37:18] INFO  org.springframework.scheduling.concurrent.ExecutorConfigurationSupport 171 initialize - Initializing ExecutorService 'applicationTaskExecutor'
[2020-02-12 11:37:18] INFO  org.springframework.boot.autoconfigure.web.servlet.WelcomePageHandlerMapping 58 <init> - Adding welcome page template: index
[2020-02-12 11:37:20] INFO  springfox.documentation.spring.web.plugins.DocumentationPluginsBootstrapper 160 start - Context refreshed
[2020-02-12 11:37:20] INFO  springfox.documentation.spring.web.plugins.DocumentationPluginsBootstrapper 163 start - Found 1 custom documentation plugin(s)
[2020-02-12 11:37:20] INFO  springfox.documentation.spring.web.scanners.ApiListingReferenceScanner 41 scan - Scanning for api listing references
[2020-02-12 11:37:20] INFO  org.springframework.boot.web.embedded.tomcat.TomcatWebServer 204 start - Tomcat started on port(s): 8085 (http) with context path ''
[2020-02-12 11:37:20] INFO  org.springframework.boot.StartupInfoLogger 61 logStarted - Started DablApplication in 15.767 seconds (JVM running for 20.257)
[2020-02-12 11:43:42] INFO  org.springframework.boot.StartupInfoLogger 55 logStarting - Starting DablApplication on DESKTOP-O54NTPF with PID 3816 (D:\WORK\XM\dabl\target\classes started by 57148 in D:\WORK\XM\dabl)
[2020-02-12 11:43:42] INFO  org.springframework.boot.SpringApplication 655 logStartupProfileInfo - The following profiles are active: dev
[2020-02-12 11:43:42] INFO  org.springframework.boot.logging.DeferredLog 225 logTo - Devtools property defaults active! Set 'spring.devtools.add-properties' to 'false' to disable
[2020-02-12 11:43:42] INFO  org.springframework.boot.logging.DeferredLog 225 logTo - For additional web related logging consider setting the 'logging.level.web' property to 'DEBUG'
[2020-02-12 11:43:44] INFO  org.springframework.data.repository.config.RepositoryConfigurationDelegate 249 multipleStoresDetected - Multiple Spring Data modules found, entering strict repository configuration mode!
[2020-02-12 11:43:44] INFO  org.springframework.data.repository.config.RepositoryConfigurationDelegate 127 registerRepositoriesIn - Bootstrapping Spring Data Elasticsearch repositories in DEFAULT mode.
[2020-02-12 11:43:44] INFO  org.springframework.data.repository.config.RepositoryConfigurationDelegate 187 registerRepositoriesIn - Finished Spring Data repository scanning in 142ms. Found 1 Elasticsearch repository interfaces.
[2020-02-12 11:43:44] INFO  org.springframework.data.repository.config.RepositoryConfigurationDelegate 249 multipleStoresDetected - Multiple Spring Data modules found, entering strict repository configuration mode!
[2020-02-12 11:43:44] INFO  org.springframework.data.repository.config.RepositoryConfigurationDelegate 127 registerRepositoriesIn - Bootstrapping Spring Data Reactive Elasticsearch repositories in DEFAULT mode.
[2020-02-12 11:43:44] INFO  org.springframework.data.repository.config.RepositoryConfigurationDelegate 187 registerRepositoriesIn - Finished Spring Data repository scanning in 29ms. Found 0 Reactive Elasticsearch repository interfaces.
[2020-02-12 11:43:44] INFO  org.springframework.data.repository.config.RepositoryConfigurationDelegate 249 multipleStoresDetected - Multiple Spring Data modules found, entering strict repository configuration mode!
[2020-02-12 11:43:44] INFO  org.springframework.data.repository.config.RepositoryConfigurationDelegate 127 registerRepositoriesIn - Bootstrapping Spring Data Redis repositories in DEFAULT mode.
[2020-02-12 11:43:44] INFO  org.springframework.data.repository.config.RepositoryConfigurationExtensionSupport 348 isStrictRepositoryCandidate - Spring Data Redis - Could not safely identify store assignment for repository candidate interface marco.zlc.dabl.modules.system.entity.SysElasticSerach. If you want this repository to be a Redis repository, consider annotating your entities with one of these annotations: org.springframework.data.redis.core.RedisHash (preferred), or consider extending one of the following types with your repository: org.springframework.data.keyvalue.repository.KeyValueRepository.
[2020-02-12 11:43:44] INFO  org.springframework.data.repository.config.RepositoryConfigurationDelegate 187 registerRepositoriesIn - Finished Spring Data repository scanning in 32ms. Found 0 Redis repository interfaces.
[2020-02-12 11:43:45] INFO  org.springframework.context.support.PostProcessorRegistrationDelegate$BeanPostProcessorChecker 330 postProcessAfterInitialization - Bean 'org.springframework.transaction.annotation.ProxyTransactionManagementConfiguration' of type [org.springframework.transaction.annotation.ProxyTransactionManagementConfiguration] is not eligible for getting processed by all BeanPostProcessors (for example: not eligible for auto-proxying)
[2020-02-12 11:43:46] INFO  org.springframework.boot.web.embedded.tomcat.TomcatWebServer 92 initialize - Tomcat initialized with port(s): 8085 (http)
[2020-02-12 11:43:46] INFO  org.apache.juli.logging.DirectJDKLog 173 log - Starting service [Tomcat]
[2020-02-12 11:43:46] INFO  org.apache.juli.logging.DirectJDKLog 173 log - Starting Servlet engine: [Apache Tomcat/9.0.30]
[2020-02-12 11:43:46] INFO  org.apache.juli.logging.DirectJDKLog 173 log - Loaded APR based Apache Tomcat Native library [1.2.23] using APR version [1.7.0].
[2020-02-12 11:43:46] INFO  org.apache.juli.logging.DirectJDKLog 173 log - APR capabilities: IPv6 [true], sendfile [true], accept filters [false], random [true].
[2020-02-12 11:43:46] INFO  org.apache.juli.logging.DirectJDKLog 173 log - APR/OpenSSL configuration: useAprConnector [false], useOpenSSL [true]
[2020-02-12 11:43:46] INFO  org.apache.juli.logging.DirectJDKLog 173 log - OpenSSL successfully initialized [OpenSSL 1.1.1c  28 May 2019]
[2020-02-12 11:43:46] INFO  org.apache.juli.logging.DirectJDKLog 173 log - Initializing Spring embedded WebApplicationContext
[2020-02-12 11:43:46] INFO  org.springframework.boot.web.servlet.context.ServletWebServerApplicationContext 284 prepareWebApplicationContext - Root WebApplicationContext: initialization completed in 3625 ms
[2020-02-12 11:43:46] INFO  org.springframework.boot.web.servlet.DynamicRegistrationBean 110 register - Servlet statViewServlet was not registered (possibly already registered?)
[2020-02-12 11:43:46] INFO  org.springframework.boot.web.servlet.DynamicRegistrationBean 110 register - Filter webStatFilter was not registered (possibly already registered?)
[2020-02-12 11:43:46] INFO  org.messaginghub.pooled.jms.JmsPoolConnectionFactory 198 setConnectionFactory - Provided ConnectionFactory implementation is JMS 2.0+ capable.
[2020-02-12 11:43:48] INFO  org.elasticsearch.plugins.PluginsService 197 logPluginInfo - no modules loaded
[2020-02-12 11:43:48] INFO  org.elasticsearch.plugins.PluginsService 200 logPluginInfo - loaded plugin [org.elasticsearch.index.reindex.ReindexPlugin]
[2020-02-12 11:43:48] INFO  org.elasticsearch.plugins.PluginsService 200 logPluginInfo - loaded plugin [org.elasticsearch.join.ParentJoinPlugin]
[2020-02-12 11:43:48] INFO  org.elasticsearch.plugins.PluginsService 200 logPluginInfo - loaded plugin [org.elasticsearch.percolator.PercolatorPlugin]
[2020-02-12 11:43:48] INFO  org.elasticsearch.plugins.PluginsService 200 logPluginInfo - loaded plugin [org.elasticsearch.script.mustache.MustachePlugin]
[2020-02-12 11:43:48] INFO  org.elasticsearch.plugins.PluginsService 200 logPluginInfo - loaded plugin [org.elasticsearch.transport.Netty4Plugin]
[2020-02-12 11:43:51] INFO  org.springframework.data.elasticsearch.client.TransportClientFactoryBean 88 lambda$buildClient$0 - Adding transport node : 127.0.0.1:9200
[2020-02-12 11:44:23] INFO  org.springframework.boot.devtools.autoconfigure.OptionalLiveReloadServer 58 startServer - LiveReload server is running on port 35729
[2020-02-12 11:44:23] INFO  springfox.documentation.spring.web.PropertySourcedRequestMappingHandlerMapping 69 initHandlerMethods - Mapped URL path [/v2/api-docs] onto method [springfox.documentation.swagger2.web.Swagger2Controller#getDocumentation(String, HttpServletRequest)]
[2020-02-12 11:44:24] INFO  org.springframework.scheduling.concurrent.ExecutorConfigurationSupport 171 initialize - Initializing ExecutorService 'applicationTaskExecutor'
[2020-02-12 11:44:24] INFO  org.springframework.boot.autoconfigure.web.servlet.WelcomePageHandlerMapping 58 <init> - Adding welcome page template: index
[2020-02-12 11:44:24] INFO  springfox.documentation.spring.web.plugins.DocumentationPluginsBootstrapper 160 start - Context refreshed
[2020-02-12 11:44:24] INFO  springfox.documentation.spring.web.plugins.DocumentationPluginsBootstrapper 163 start - Found 1 custom documentation plugin(s)
[2020-02-12 11:44:24] INFO  springfox.documentation.spring.web.scanners.ApiListingReferenceScanner 41 scan - Scanning for api listing references
[2020-02-12 11:44:24] INFO  org.springframework.boot.web.embedded.tomcat.TomcatWebServer 204 start - Tomcat started on port(s): 8085 (http) with context path ''
[2020-02-12 11:44:24] INFO  org.springframework.boot.StartupInfoLogger 61 logStarted - Started DablApplication in 42.651 seconds (JVM running for 46.471)
[2020-02-12 11:44:51] INFO  org.springframework.boot.StartupInfoLogger 55 logStarting - Starting DablApplication on DESKTOP-O54NTPF with PID 14328 (D:\WORK\XM\dabl\target\classes started by 57148 in D:\WORK\XM\dabl)
[2020-02-12 11:44:51] INFO  org.springframework.boot.SpringApplication 655 logStartupProfileInfo - The following profiles are active: dev
[2020-02-12 11:44:51] INFO  org.springframework.boot.logging.DeferredLog 225 logTo - Devtools property defaults active! Set 'spring.devtools.add-properties' to 'false' to disable
[2020-02-12 11:44:51] INFO  org.springframework.boot.logging.DeferredLog 225 logTo - For additional web related logging consider setting the 'logging.level.web' property to 'DEBUG'
[2020-02-12 11:44:52] INFO  org.springframework.data.repository.config.RepositoryConfigurationDelegate 249 multipleStoresDetected - Multiple Spring Data modules found, entering strict repository configuration mode!
[2020-02-12 11:44:52] INFO  org.springframework.data.repository.config.RepositoryConfigurationDelegate 127 registerRepositoriesIn - Bootstrapping Spring Data Elasticsearch repositories in DEFAULT mode.
[2020-02-12 11:44:52] INFO  org.springframework.data.repository.config.RepositoryConfigurationDelegate 187 registerRepositoriesIn - Finished Spring Data repository scanning in 83ms. Found 1 Elasticsearch repository interfaces.
[2020-02-12 11:44:52] INFO  org.springframework.data.repository.config.RepositoryConfigurationDelegate 249 multipleStoresDetected - Multiple Spring Data modules found, entering strict repository configuration mode!
[2020-02-12 11:44:52] INFO  org.springframework.data.repository.config.RepositoryConfigurationDelegate 127 registerRepositoriesIn - Bootstrapping Spring Data Reactive Elasticsearch repositories in DEFAULT mode.
[2020-02-12 11:44:52] INFO  org.springframework.data.repository.config.RepositoryConfigurationDelegate 187 registerRepositoriesIn - Finished Spring Data repository scanning in 21ms. Found 0 Reactive Elasticsearch repository interfaces.
[2020-02-12 11:44:52] INFO  org.springframework.data.repository.config.RepositoryConfigurationDelegate 249 multipleStoresDetected - Multiple Spring Data modules found, entering strict repository configuration mode!
[2020-02-12 11:44:52] INFO  org.springframework.data.repository.config.RepositoryConfigurationDelegate 127 registerRepositoriesIn - Bootstrapping Spring Data Redis repositories in DEFAULT mode.
[2020-02-12 11:44:52] INFO  org.springframework.data.repository.config.RepositoryConfigurationExtensionSupport 348 isStrictRepositoryCandidate - Spring Data Redis - Could not safely identify store assignment for repository candidate interface marco.zlc.dabl.modules.system.entity.SysElasticSerach. If you want this repository to be a Redis repository, consider annotating your entities with one of these annotations: org.springframework.data.redis.core.RedisHash (preferred), or consider extending one of the following types with your repository: org.springframework.data.keyvalue.repository.KeyValueRepository.
[2020-02-12 11:44:52] INFO  org.springframework.data.repository.config.RepositoryConfigurationDelegate 187 registerRepositoriesIn - Finished Spring Data repository scanning in 20ms. Found 0 Redis repository interfaces.
[2020-02-12 11:44:53] INFO  org.springframework.context.support.PostProcessorRegistrationDelegate$BeanPostProcessorChecker 330 postProcessAfterInitialization - Bean 'org.springframework.transaction.annotation.ProxyTransactionManagementConfiguration' of type [org.springframework.transaction.annotation.ProxyTransactionManagementConfiguration] is not eligible for getting processed by all BeanPostProcessors (for example: not eligible for auto-proxying)
[2020-02-12 11:44:53] INFO  org.springframework.boot.web.embedded.tomcat.TomcatWebServer 92 initialize - Tomcat initialized with port(s): 8085 (http)
[2020-02-12 11:44:53] INFO  org.apache.juli.logging.DirectJDKLog 173 log - Starting service [Tomcat]
[2020-02-12 11:44:53] INFO  org.apache.juli.logging.DirectJDKLog 173 log - Starting Servlet engine: [Apache Tomcat/9.0.30]
[2020-02-12 11:44:53] INFO  org.apache.juli.logging.DirectJDKLog 173 log - Loaded APR based Apache Tomcat Native library [1.2.23] using APR version [1.7.0].
[2020-02-12 11:44:53] INFO  org.apache.juli.logging.DirectJDKLog 173 log - APR capabilities: IPv6 [true], sendfile [true], accept filters [false], random [true].
[2020-02-12 11:44:53] INFO  org.apache.juli.logging.DirectJDKLog 173 log - APR/OpenSSL configuration: useAprConnector [false], useOpenSSL [true]
[2020-02-12 11:44:53] INFO  org.apache.juli.logging.DirectJDKLog 173 log - OpenSSL successfully initialized [OpenSSL 1.1.1c  28 May 2019]
[2020-02-12 11:44:53] INFO  org.apache.juli.logging.DirectJDKLog 173 log - Initializing Spring embedded WebApplicationContext
[2020-02-12 11:44:53] INFO  org.springframework.boot.web.servlet.context.ServletWebServerApplicationContext 284 prepareWebApplicationContext - Root WebApplicationContext: initialization completed in 2486 ms
[2020-02-12 11:44:53] INFO  org.springframework.boot.web.servlet.DynamicRegistrationBean 110 register - Servlet statViewServlet was not registered (possibly already registered?)
[2020-02-12 11:44:53] INFO  org.springframework.boot.web.servlet.DynamicRegistrationBean 110 register - Filter webStatFilter was not registered (possibly already registered?)
[2020-02-12 11:44:54] INFO  org.messaginghub.pooled.jms.JmsPoolConnectionFactory 198 setConnectionFactory - Provided ConnectionFactory implementation is JMS 2.0+ capable.
[2020-02-12 11:44:55] INFO  org.elasticsearch.plugins.PluginsService 197 logPluginInfo - no modules loaded
[2020-02-12 11:44:55] INFO  org.elasticsearch.plugins.PluginsService 200 logPluginInfo - loaded plugin [org.elasticsearch.index.reindex.ReindexPlugin]
[2020-02-12 11:44:55] INFO  org.elasticsearch.plugins.PluginsService 200 logPluginInfo - loaded plugin [org.elasticsearch.join.ParentJoinPlugin]
[2020-02-12 11:44:55] INFO  org.elasticsearch.plugins.PluginsService 200 logPluginInfo - loaded plugin [org.elasticsearch.percolator.PercolatorPlugin]
[2020-02-12 11:44:55] INFO  org.elasticsearch.plugins.PluginsService 200 logPluginInfo - loaded plugin [org.elasticsearch.script.mustache.MustachePlugin]
[2020-02-12 11:44:55] INFO  org.elasticsearch.plugins.PluginsService 200 logPluginInfo - loaded plugin [org.elasticsearch.transport.Netty4Plugin]
[2020-02-12 11:44:57] INFO  org.springframework.data.elasticsearch.client.TransportClientFactoryBean 88 lambda$buildClient$0 - Adding transport node : 127.0.0.1:9300
[2020-02-12 11:44:59] INFO  org.springframework.boot.devtools.autoconfigure.OptionalLiveReloadServer 58 startServer - LiveReload server is running on port 35729
[2020-02-12 11:45:00] INFO  springfox.documentation.spring.web.PropertySourcedRequestMappingHandlerMapping 69 initHandlerMethods - Mapped URL path [/v2/api-docs] onto method [springfox.documentation.swagger2.web.Swagger2Controller#getDocumentation(String, HttpServletRequest)]
[2020-02-12 11:45:00] INFO  org.springframework.scheduling.concurrent.ExecutorConfigurationSupport 171 initialize - Initializing ExecutorService 'applicationTaskExecutor'
[2020-02-12 11:45:00] INFO  org.springframework.boot.autoconfigure.web.servlet.WelcomePageHandlerMapping 58 <init> - Adding welcome page template: index
[2020-02-12 11:45:01] INFO  springfox.documentation.spring.web.plugins.DocumentationPluginsBootstrapper 160 start - Context refreshed
[2020-02-12 11:45:01] INFO  springfox.documentation.spring.web.plugins.DocumentationPluginsBootstrapper 163 start - Found 1 custom documentation plugin(s)
[2020-02-12 11:45:01] INFO  springfox.documentation.spring.web.scanners.ApiListingReferenceScanner 41 scan - Scanning for api listing references
[2020-02-12 11:45:01] INFO  org.springframework.boot.web.embedded.tomcat.TomcatWebServer 204 start - Tomcat started on port(s): 8085 (http) with context path ''
[2020-02-12 11:45:01] INFO  org.springframework.boot.StartupInfoLogger 61 logStarted - Started DablApplication in 10.513 seconds (JVM running for 14.223)
[2020-02-12 11:46:20] INFO  org.apache.juli.logging.DirectJDKLog 173 log - Initializing Spring DispatcherServlet 'dispatcherServlet'
[2020-02-12 11:46:20] INFO  org.springframework.web.servlet.FrameworkServlet 525 initServletBean - Initializing Servlet 'dispatcherServlet'
[2020-02-12 11:46:20] INFO  org.springframework.web.servlet.FrameworkServlet 547 initServletBean - Completed initialization in 7 ms
[2020-02-12 11:46:20] INFO  com.alibaba.druid.pool.DruidDataSource 928 init - {dataSource-1} inited
[2020-02-12 11:48:53] INFO  org.springframework.scheduling.concurrent.ExecutorConfigurationSupport 208 shutdown - Shutting down ExecutorService 'applicationTaskExecutor'
[2020-02-12 11:48:53] INFO  com.alibaba.druid.pool.DruidDataSource 1823 close - {dataSource-1} closed
[2020-02-12 11:48:54] INFO  org.springframework.boot.StartupInfoLogger 55 logStarting - Starting DablApplication on DESKTOP-O54NTPF with PID 14328 (D:\WORK\XM\dabl\target\classes started by 57148 in D:\WORK\XM\dabl)
[2020-02-12 11:48:54] INFO  org.springframework.boot.SpringApplication 655 logStartupProfileInfo - The following profiles are active: dev
[2020-02-12 11:48:55] INFO  org.springframework.data.repository.config.RepositoryConfigurationDelegate 249 multipleStoresDetected - Multiple Spring Data modules found, entering strict repository configuration mode!
[2020-02-12 11:48:55] INFO  org.springframework.data.repository.config.RepositoryConfigurationDelegate 127 registerRepositoriesIn - Bootstrapping Spring Data Elasticsearch repositories in DEFAULT mode.
[2020-02-12 11:48:55] INFO  org.springframework.data.repository.config.RepositoryConfigurationDelegate 187 registerRepositoriesIn - Finished Spring Data repository scanning in 62ms. Found 1 Elasticsearch repository interfaces.
[2020-02-12 11:48:55] INFO  org.springframework.data.repository.config.RepositoryConfigurationDelegate 249 multipleStoresDetected - Multiple Spring Data modules found, entering strict repository configuration mode!
[2020-02-12 11:48:55] INFO  org.springframework.data.repository.config.RepositoryConfigurationDelegate 127 registerRepositoriesIn - Bootstrapping Spring Data Reactive Elasticsearch repositories in DEFAULT mode.
[2020-02-12 11:48:55] INFO  org.springframework.data.repository.config.RepositoryConfigurationDelegate 187 registerRepositoriesIn - Finished Spring Data repository scanning in 26ms. Found 0 Reactive Elasticsearch repository interfaces.
[2020-02-12 11:48:55] INFO  org.springframework.data.repository.config.RepositoryConfigurationDelegate 249 multipleStoresDetected - Multiple Spring Data modules found, entering strict repository configuration mode!
[2020-02-12 11:48:55] INFO  org.springframework.data.repository.config.RepositoryConfigurationDelegate 127 registerRepositoriesIn - Bootstrapping Spring Data Redis repositories in DEFAULT mode.
[2020-02-12 11:48:55] INFO  org.springframework.data.repository.config.RepositoryConfigurationExtensionSupport 348 isStrictRepositoryCandidate - Spring Data Redis - Could not safely identify store assignment for repository candidate interface marco.zlc.dabl.modules.system.entity.SysElasticSerach. If you want this repository to be a Redis repository, consider annotating your entities with one of these annotations: org.springframework.data.redis.core.RedisHash (preferred), or consider extending one of the following types with your repository: org.springframework.data.keyvalue.repository.KeyValueRepository.
[2020-02-12 11:48:55] INFO  org.springframework.data.repository.config.RepositoryConfigurationDelegate 187 registerRepositoriesIn - Finished Spring Data repository scanning in 26ms. Found 0 Redis repository interfaces.
[2020-02-12 11:48:55] INFO  org.springframework.context.support.PostProcessorRegistrationDelegate$BeanPostProcessorChecker 330 postProcessAfterInitialization - Bean 'org.springframework.transaction.annotation.ProxyTransactionManagementConfiguration' of type [org.springframework.transaction.annotation.ProxyTransactionManagementConfiguration] is not eligible for getting processed by all BeanPostProcessors (for example: not eligible for auto-proxying)
[2020-02-12 11:48:56] INFO  org.springframework.boot.web.embedded.tomcat.TomcatWebServer 92 initialize - Tomcat initialized with port(s): 8085 (http)
[2020-02-12 11:48:56] INFO  org.apache.juli.logging.DirectJDKLog 173 log - Starting service [Tomcat]
[2020-02-12 11:48:56] INFO  org.apache.juli.logging.DirectJDKLog 173 log - Starting Servlet engine: [Apache Tomcat/9.0.30]
[2020-02-12 11:48:56] INFO  org.apache.juli.logging.DirectJDKLog 173 log - Loaded APR based Apache Tomcat Native library [1.2.23] using APR version [1.7.0].
[2020-02-12 11:48:56] INFO  org.apache.juli.logging.DirectJDKLog 173 log - APR capabilities: IPv6 [true], sendfile [true], accept filters [false], random [true].
[2020-02-12 11:48:56] INFO  org.apache.juli.logging.DirectJDKLog 173 log - APR/OpenSSL configuration: useAprConnector [false], useOpenSSL [true]
[2020-02-12 11:48:56] INFO  org.apache.juli.logging.DirectJDKLog 173 log - OpenSSL successfully initialized [OpenSSL 1.1.1c  28 May 2019]
[2020-02-12 11:48:56] INFO  org.apache.juli.logging.DirectJDKLog 173 log - Initializing Spring embedded WebApplicationContext
[2020-02-12 11:48:56] INFO  org.springframework.boot.web.servlet.context.ServletWebServerApplicationContext 284 prepareWebApplicationContext - Root WebApplicationContext: initialization completed in 1455 ms
[2020-02-12 11:48:56] INFO  org.springframework.boot.web.servlet.DynamicRegistrationBean 110 register - Servlet statViewServlet was not registered (possibly already registered?)
[2020-02-12 11:48:56] INFO  org.springframework.boot.web.servlet.DynamicRegistrationBean 110 register - Filter webStatFilter was not registered (possibly already registered?)
[2020-02-12 11:48:56] INFO  org.messaginghub.pooled.jms.JmsPoolConnectionFactory 198 setConnectionFactory - Provided ConnectionFactory implementation is JMS 2.0+ capable.
[2020-02-12 11:48:56] INFO  org.elasticsearch.plugins.PluginsService 197 logPluginInfo - no modules loaded
[2020-02-12 11:48:56] INFO  org.elasticsearch.plugins.PluginsService 200 logPluginInfo - loaded plugin [org.elasticsearch.index.reindex.ReindexPlugin]
[2020-02-12 11:48:56] INFO  org.elasticsearch.plugins.PluginsService 200 logPluginInfo - loaded plugin [org.elasticsearch.join.ParentJoinPlugin]
[2020-02-12 11:48:56] INFO  org.elasticsearch.plugins.PluginsService 200 logPluginInfo - loaded plugin [org.elasticsearch.percolator.PercolatorPlugin]
[2020-02-12 11:48:56] INFO  org.elasticsearch.plugins.PluginsService 200 logPluginInfo - loaded plugin [org.elasticsearch.script.mustache.MustachePlugin]
[2020-02-12 11:48:56] INFO  org.elasticsearch.plugins.PluginsService 200 logPluginInfo - loaded plugin [org.elasticsearch.transport.Netty4Plugin]
[2020-02-12 11:48:56] INFO  org.springframework.data.elasticsearch.client.TransportClientFactoryBean 88 lambda$buildClient$0 - Adding transport node : 127.0.0.1:9300
[2020-02-12 11:48:56] INFO  org.springframework.boot.devtools.autoconfigure.OptionalLiveReloadServer 58 startServer - LiveReload server is running on port 35729
[2020-02-12 11:48:56] INFO  springfox.documentation.spring.web.PropertySourcedRequestMappingHandlerMapping 69 initHandlerMethods - Mapped URL path [/v2/api-docs] onto method [springfox.documentation.swagger2.web.Swagger2Controller#getDocumentation(String, HttpServletRequest)]
[2020-02-12 11:48:56] INFO  org.springframework.scheduling.concurrent.ExecutorConfigurationSupport 171 initialize - Initializing ExecutorService 'applicationTaskExecutor'
[2020-02-12 11:48:56] INFO  org.springframework.boot.autoconfigure.web.servlet.WelcomePageHandlerMapping 58 <init> - Adding welcome page template: index
[2020-02-12 11:48:56] INFO  springfox.documentation.spring.web.plugins.DocumentationPluginsBootstrapper 160 start - Context refreshed
[2020-02-12 11:48:56] INFO  springfox.documentation.spring.web.plugins.DocumentationPluginsBootstrapper 163 start - Found 1 custom documentation plugin(s)
[2020-02-12 11:48:56] INFO  springfox.documentation.spring.web.scanners.ApiListingReferenceScanner 41 scan - Scanning for api listing references
[2020-02-12 11:48:56] INFO  org.springframework.boot.web.embedded.tomcat.TomcatWebServer 204 start - Tomcat started on port(s): 8085 (http) with context path ''
[2020-02-12 11:48:56] INFO  org.springframework.boot.StartupInfoLogger 61 logStarted - Started DablApplication in 2.396 seconds (JVM running for 249.695)
[2020-02-12 11:48:56] INFO  org.springframework.boot.devtools.autoconfigure.ConditionEvaluationDeltaLoggingListener 63 onApplicationEvent - Condition evaluation unchanged
[2020-02-12 11:52:21] INFO  org.springframework.test.context.support.AbstractTestContextBootstrapper 308 buildDefaultMergedContextConfiguration - Neither @ContextConfiguration nor @ContextHierarchy found for test class [marco.zlc.dabl.modules.system.controller.ActiveMQTestController], using SpringBootContextLoader
[2020-02-12 11:52:21] INFO  org.springframework.test.context.support.AbstractContextLoader 264 generateDefaultLocations - Could not detect default resource locations for test class [marco.zlc.dabl.modules.system.controller.ActiveMQTestController]: no resource found for suffixes {-context.xml, Context.groovy}.
[2020-02-12 11:52:21] INFO  org.springframework.test.context.support.AnnotationConfigContextLoaderUtils 83 detectDefaultConfigurationClasses - Could not detect default configuration classes for test class [marco.zlc.dabl.modules.system.controller.ActiveMQTestController]: ActiveMQTestController does not declare any static, non-private, non-final, nested classes annotated with @Configuration.
[2020-02-12 11:52:21] INFO  org.springframework.boot.test.context.SpringBootTestContextBootstrapper 235 getOrFindConfigurationClasses - Found @SpringBootConfiguration marco.zlc.dabl.DablApplication for test class marco.zlc.dabl.modules.system.controller.ActiveMQTestController
[2020-02-12 11:52:21] INFO  org.springframework.test.context.support.AbstractTestContextBootstrapper 248 getDefaultTestExecutionListenerClassNames - Loaded default TestExecutionListener class names from location [META-INF/spring.factories]: [org.springframework.boot.test.autoconfigure.restdocs.RestDocsTestExecutionListener, org.springframework.boot.test.autoconfigure.web.client.MockRestServiceServerResetTestExecutionListener, org.springframework.boot.test.autoconfigure.web.servlet.MockMvcPrintOnlyOnFailureTestExecutionListener, org.springframework.boot.test.autoconfigure.web.servlet.WebDriverTestExecutionListener, org.springframework.boot.test.mock.mockito.MockitoTestExecutionListener, org.springframework.boot.test.mock.mockito.ResetMocksTestExecutionListener, org.springframework.test.context.web.ServletTestExecutionListener, org.springframework.test.context.support.DirtiesContextBeforeModesTestExecutionListener, org.springframework.test.context.support.DependencyInjectionTestExecutionListener, org.springframework.test.context.support.DirtiesContextTestExecutionListener, org.springframework.test.context.transaction.TransactionalTestExecutionListener, org.springframework.test.context.jdbc.SqlScriptsTestExecutionListener, org.springframework.test.context.event.EventPublishingTestExecutionListener]
[2020-02-12 11:52:21] INFO  org.springframework.test.context.support.AbstractTestContextBootstrapper 177 getTestExecutionListeners - Using TestExecutionListeners: [org.springframework.test.context.web.ServletTestExecutionListener@3d246ea3, org.springframework.test.context.support.DirtiesContextBeforeModesTestExecutionListener@341814d3, org.springframework.boot.test.mock.mockito.MockitoTestExecutionListener@4397ad89, org.springframework.boot.test.autoconfigure.SpringBootDependencyInjectionTestExecutionListener@59cba5a, org.springframework.test.context.support.DirtiesContextTestExecutionListener@1bd39d3c, org.springframework.test.context.transaction.TransactionalTestExecutionListener@6f19ac19, org.springframework.test.context.jdbc.SqlScriptsTestExecutionListener@119cbf96, org.springframework.test.context.event.EventPublishingTestExecutionListener@71329995, org.springframework.boot.test.autoconfigure.restdocs.RestDocsTestExecutionListener@768fc0f2, org.springframework.boot.test.autoconfigure.web.client.MockRestServiceServerResetTestExecutionListener@5454d35e, org.springframework.boot.test.autoconfigure.web.servlet.MockMvcPrintOnlyOnFailureTestExecutionListener@20c0a64d, org.springframework.boot.test.autoconfigure.web.servlet.WebDriverTestExecutionListener@455b6df1, org.springframework.boot.test.mock.mockito.ResetMocksTestExecutionListener@4ddbbdf8]
[2020-02-12 11:52:22] INFO  org.springframework.boot.StartupInfoLogger 55 logStarting - Starting ActiveMQTestController on DESKTOP-O54NTPF with PID 8144 (started by 57148 in D:\WORK\XM\dabl)
[2020-02-12 11:52:22] INFO  org.springframework.boot.SpringApplication 655 logStartupProfileInfo - The following profiles are active: dev
[2020-02-12 11:52:24] INFO  org.springframework.data.repository.config.RepositoryConfigurationDelegate 249 multipleStoresDetected - Multiple Spring Data modules found, entering strict repository configuration mode!
[2020-02-12 11:52:24] INFO  org.springframework.data.repository.config.RepositoryConfigurationDelegate 127 registerRepositoriesIn - Bootstrapping Spring Data Elasticsearch repositories in DEFAULT mode.
[2020-02-12 11:52:24] INFO  org.springframework.data.repository.config.RepositoryConfigurationDelegate 187 registerRepositoriesIn - Finished Spring Data repository scanning in 408ms. Found 1 Elasticsearch repository interfaces.
[2020-02-12 11:52:24] INFO  org.springframework.data.repository.config.RepositoryConfigurationDelegate 249 multipleStoresDetected - Multiple Spring Data modules found, entering strict repository configuration mode!
[2020-02-12 11:52:24] INFO  org.springframework.data.repository.config.RepositoryConfigurationDelegate 127 registerRepositoriesIn - Bootstrapping Spring Data Reactive Elasticsearch repositories in DEFAULT mode.
[2020-02-12 11:52:24] INFO  org.springframework.data.repository.config.RepositoryConfigurationDelegate 187 registerRepositoriesIn - Finished Spring Data repository scanning in 25ms. Found 0 Reactive Elasticsearch repository interfaces.
[2020-02-12 11:52:24] INFO  org.springframework.data.repository.config.RepositoryConfigurationDelegate 249 multipleStoresDetected - Multiple Spring Data modules found, entering strict repository configuration mode!
[2020-02-12 11:52:24] INFO  org.springframework.data.repository.config.RepositoryConfigurationDelegate 127 registerRepositoriesIn - Bootstrapping Spring Data Redis repositories in DEFAULT mode.
[2020-02-12 11:52:24] INFO  org.springframework.data.repository.config.RepositoryConfigurationExtensionSupport 348 isStrictRepositoryCandidate - Spring Data Redis - Could not safely identify store assignment for repository candidate interface marco.zlc.dabl.modules.system.entity.SysElasticSerach. If you want this repository to be a Redis repository, consider annotating your entities with one of these annotations: org.springframework.data.redis.core.RedisHash (preferred), or consider extending one of the following types with your repository: org.springframework.data.keyvalue.repository.KeyValueRepository.
[2020-02-12 11:52:24] INFO  org.springframework.data.repository.config.RepositoryConfigurationDelegate 187 registerRepositoriesIn - Finished Spring Data repository scanning in 22ms. Found 0 Redis repository interfaces.
[2020-02-12 11:52:25] INFO  org.springframework.context.support.PostProcessorRegistrationDelegate$BeanPostProcessorChecker 330 postProcessAfterInitialization - Bean 'org.springframework.transaction.annotation.ProxyTransactionManagementConfiguration' of type [org.springframework.transaction.annotation.ProxyTransactionManagementConfiguration] is not eligible for getting processed by all BeanPostProcessors (for example: not eligible for auto-proxying)
[2020-02-12 11:52:25] INFO  org.messaginghub.pooled.jms.JmsPoolConnectionFactory 198 setConnectionFactory - Provided ConnectionFactory implementation is JMS 2.0+ capable.
[2020-02-12 11:52:27] INFO  org.elasticsearch.plugins.PluginsService 197 logPluginInfo - no modules loaded
[2020-02-12 11:52:27] INFO  org.elasticsearch.plugins.PluginsService 200 logPluginInfo - loaded plugin [org.elasticsearch.index.reindex.ReindexPlugin]
[2020-02-12 11:52:27] INFO  org.elasticsearch.plugins.PluginsService 200 logPluginInfo - loaded plugin [org.elasticsearch.join.ParentJoinPlugin]
[2020-02-12 11:52:27] INFO  org.elasticsearch.plugins.PluginsService 200 logPluginInfo - loaded plugin [org.elasticsearch.percolator.PercolatorPlugin]
[2020-02-12 11:52:27] INFO  org.elasticsearch.plugins.PluginsService 200 logPluginInfo - loaded plugin [org.elasticsearch.script.mustache.MustachePlugin]
[2020-02-12 11:52:27] INFO  org.elasticsearch.plugins.PluginsService 200 logPluginInfo - loaded plugin [org.elasticsearch.transport.Netty4Plugin]
[2020-02-12 11:54:47] INFO  org.springframework.test.context.support.AbstractTestContextBootstrapper 308 buildDefaultMergedContextConfiguration - Neither @ContextConfiguration nor @ContextHierarchy found for test class [marco.zlc.dabl.modules.system.controller.ActiveMQTestController], using SpringBootContextLoader
[2020-02-12 11:54:47] INFO  org.springframework.test.context.support.AbstractContextLoader 264 generateDefaultLocations - Could not detect default resource locations for test class [marco.zlc.dabl.modules.system.controller.ActiveMQTestController]: no resource found for suffixes {-context.xml, Context.groovy}.
[2020-02-12 11:54:47] INFO  org.springframework.test.context.support.AbstractTestContextBootstrapper 248 getDefaultTestExecutionListenerClassNames - Loaded default TestExecutionListener class names from location [META-INF/spring.factories]: [org.springframework.boot.test.autoconfigure.restdocs.RestDocsTestExecutionListener, org.springframework.boot.test.autoconfigure.web.client.MockRestServiceServerResetTestExecutionListener, org.springframework.boot.test.autoconfigure.web.servlet.MockMvcPrintOnlyOnFailureTestExecutionListener, org.springframework.boot.test.autoconfigure.web.servlet.WebDriverTestExecutionListener, org.springframework.boot.test.mock.mockito.MockitoTestExecutionListener, org.springframework.boot.test.mock.mockito.ResetMocksTestExecutionListener, org.springframework.test.context.web.ServletTestExecutionListener, org.springframework.test.context.support.DirtiesContextBeforeModesTestExecutionListener, org.springframework.test.context.support.DependencyInjectionTestExecutionListener, org.springframework.test.context.support.DirtiesContextTestExecutionListener, org.springframework.test.context.transaction.TransactionalTestExecutionListener, org.springframework.test.context.jdbc.SqlScriptsTestExecutionListener, org.springframework.test.context.event.EventPublishingTestExecutionListener]
[2020-02-12 11:54:47] INFO  org.springframework.test.context.support.AbstractTestContextBootstrapper 177 getTestExecutionListeners - Using TestExecutionListeners: [org.springframework.test.context.web.ServletTestExecutionListener@31edaa7d, org.springframework.test.context.support.DirtiesContextBeforeModesTestExecutionListener@26adfd2d, org.springframework.boot.test.mock.mockito.MockitoTestExecutionListener@3336e6b6, org.springframework.boot.test.autoconfigure.SpringBootDependencyInjectionTestExecutionListener@7c3fdb62, org.springframework.test.context.support.DirtiesContextTestExecutionListener@205d38da, org.springframework.test.context.transaction.TransactionalTestExecutionListener@6950ed69, org.springframework.test.context.jdbc.SqlScriptsTestExecutionListener@6dd7b5a3, org.springframework.test.context.event.EventPublishingTestExecutionListener@6f3187b0, org.springframework.boot.test.autoconfigure.restdocs.RestDocsTestExecutionListener@2663e964, org.springframework.boot.test.autoconfigure.web.client.MockRestServiceServerResetTestExecutionListener@48b67364, org.springframework.boot.test.autoconfigure.web.servlet.MockMvcPrintOnlyOnFailureTestExecutionListener@189cbd7c, org.springframework.boot.test.autoconfigure.web.servlet.WebDriverTestExecutionListener@7bf3a5d8, org.springframework.boot.test.mock.mockito.ResetMocksTestExecutionListener@42e25b0b]
[2020-02-12 11:54:48] INFO  org.springframework.boot.StartupInfoLogger 55 logStarting - Starting ActiveMQTestController on DESKTOP-O54NTPF with PID 21916 (started by 57148 in D:\WORK\XM\dabl)
[2020-02-12 11:54:48] INFO  org.springframework.boot.SpringApplication 655 logStartupProfileInfo - The following profiles are active: dev
[2020-02-12 11:57:59] INFO  org.springframework.boot.StartupInfoLogger 55 logStarting - Starting DablApplication on DESKTOP-O54NTPF with PID 16896 (D:\WORK\XM\dabl\target\classes started by 57148 in D:\WORK\XM\dabl)
[2020-02-12 11:57:59] INFO  org.springframework.boot.SpringApplication 655 logStartupProfileInfo - The following profiles are active: dev
[2020-02-12 11:57:59] INFO  org.springframework.boot.logging.DeferredLog 225 logTo - Devtools property defaults active! Set 'spring.devtools.add-properties' to 'false' to disable
[2020-02-12 11:57:59] INFO  org.springframework.boot.logging.DeferredLog 225 logTo - For additional web related logging consider setting the 'logging.level.web' property to 'DEBUG'
[2020-02-12 11:58:00] INFO  org.springframework.data.repository.config.RepositoryConfigurationDelegate 249 multipleStoresDetected - Multiple Spring Data modules found, entering strict repository configuration mode!
[2020-02-12 11:58:00] INFO  org.springframework.data.repository.config.RepositoryConfigurationDelegate 127 registerRepositoriesIn - Bootstrapping Spring Data Elasticsearch repositories in DEFAULT mode.
[2020-02-12 11:58:00] INFO  org.springframework.data.repository.config.RepositoryConfigurationDelegate 187 registerRepositoriesIn - Finished Spring Data repository scanning in 102ms. Found 1 Elasticsearch repository interfaces.
[2020-02-12 11:58:00] INFO  org.springframework.data.repository.config.RepositoryConfigurationDelegate 249 multipleStoresDetected - Multiple Spring Data modules found, entering strict repository configuration mode!
[2020-02-12 11:58:00] INFO  org.springframework.data.repository.config.RepositoryConfigurationDelegate 127 registerRepositoriesIn - Bootstrapping Spring Data Reactive Elasticsearch repositories in DEFAULT mode.
[2020-02-12 11:58:00] INFO  org.springframework.data.repository.config.RepositoryConfigurationDelegate 187 registerRepositoriesIn - Finished Spring Data repository scanning in 30ms. Found 0 Reactive Elasticsearch repository interfaces.
[2020-02-12 11:58:00] INFO  org.springframework.data.repository.config.RepositoryConfigurationDelegate 249 multipleStoresDetected - Multiple Spring Data modules found, entering strict repository configuration mode!
[2020-02-12 11:58:00] INFO  org.springframework.data.repository.config.RepositoryConfigurationDelegate 127 registerRepositoriesIn - Bootstrapping Spring Data Redis repositories in DEFAULT mode.
[2020-02-12 11:58:00] INFO  org.springframework.data.repository.config.RepositoryConfigurationExtensionSupport 348 isStrictRepositoryCandidate - Spring Data Redis - Could not safely identify store assignment for repository candidate interface marco.zlc.dabl.modules.system.entity.SysElasticSerach. If you want this repository to be a Redis repository, consider annotating your entities with one of these annotations: org.springframework.data.redis.core.RedisHash (preferred), or consider extending one of the following types with your repository: org.springframework.data.keyvalue.repository.KeyValueRepository.
[2020-02-12 11:58:00] INFO  org.springframework.data.repository.config.RepositoryConfigurationDelegate 187 registerRepositoriesIn - Finished Spring Data repository scanning in 24ms. Found 0 Redis repository interfaces.
[2020-02-12 11:58:01] INFO  org.springframework.context.support.PostProcessorRegistrationDelegate$BeanPostProcessorChecker 330 postProcessAfterInitialization - Bean 'org.springframework.transaction.annotation.ProxyTransactionManagementConfiguration' of type [org.springframework.transaction.annotation.ProxyTransactionManagementConfiguration] is not eligible for getting processed by all BeanPostProcessors (for example: not eligible for auto-proxying)
[2020-02-12 11:58:01] INFO  org.springframework.boot.web.embedded.tomcat.TomcatWebServer 92 initialize - Tomcat initialized with port(s): 8085 (http)
[2020-02-12 11:58:01] INFO  org.apache.juli.logging.DirectJDKLog 173 log - Starting service [Tomcat]
[2020-02-12 11:58:01] INFO  org.apache.juli.logging.DirectJDKLog 173 log - Starting Servlet engine: [Apache Tomcat/9.0.30]
[2020-02-12 11:58:01] INFO  org.apache.juli.logging.DirectJDKLog 173 log - Loaded APR based Apache Tomcat Native library [1.2.23] using APR version [1.7.0].
[2020-02-12 11:58:01] INFO  org.apache.juli.logging.DirectJDKLog 173 log - APR capabilities: IPv6 [true], sendfile [true], accept filters [false], random [true].
[2020-02-12 11:58:01] INFO  org.apache.juli.logging.DirectJDKLog 173 log - APR/OpenSSL configuration: useAprConnector [false], useOpenSSL [true]
[2020-02-12 11:58:01] INFO  org.apache.juli.logging.DirectJDKLog 173 log - OpenSSL successfully initialized [OpenSSL 1.1.1c  28 May 2019]
[2020-02-12 11:58:01] INFO  org.apache.juli.logging.DirectJDKLog 173 log - Initializing Spring embedded WebApplicationContext
[2020-02-12 11:58:01] INFO  org.springframework.boot.web.servlet.context.ServletWebServerApplicationContext 284 prepareWebApplicationContext - Root WebApplicationContext: initialization completed in 2586 ms
[2020-02-12 11:58:01] INFO  org.springframework.boot.web.servlet.DynamicRegistrationBean 110 register - Servlet statViewServlet was not registered (possibly already registered?)
[2020-02-12 11:58:01] INFO  org.springframework.boot.web.servlet.DynamicRegistrationBean 110 register - Filter webStatFilter was not registered (possibly already registered?)
[2020-02-12 11:58:01] INFO  org.messaginghub.pooled.jms.JmsPoolConnectionFactory 198 setConnectionFactory - Provided ConnectionFactory implementation is JMS 2.0+ capable.
[2020-02-12 11:58:03] INFO  org.elasticsearch.plugins.PluginsService 197 logPluginInfo - no modules loaded
[2020-02-12 11:58:03] INFO  org.elasticsearch.plugins.PluginsService 200 logPluginInfo - loaded plugin [org.elasticsearch.index.reindex.ReindexPlugin]
[2020-02-12 11:58:03] INFO  org.elasticsearch.plugins.PluginsService 200 logPluginInfo - loaded plugin [org.elasticsearch.join.ParentJoinPlugin]
[2020-02-12 11:58:03] INFO  org.elasticsearch.plugins.PluginsService 200 logPluginInfo - loaded plugin [org.elasticsearch.percolator.PercolatorPlugin]
[2020-02-12 11:58:03] INFO  org.elasticsearch.plugins.PluginsService 200 logPluginInfo - loaded plugin [org.elasticsearch.script.mustache.MustachePlugin]
[2020-02-12 11:58:03] INFO  org.elasticsearch.plugins.PluginsService 200 logPluginInfo - loaded plugin [org.elasticsearch.transport.Netty4Plugin]
[2020-02-12 11:58:05] INFO  org.springframework.data.elasticsearch.client.TransportClientFactoryBean 88 lambda$buildClient$0 - Adding transport node : 127.0.0.1:9300
[2020-02-12 11:58:07] INFO  org.springframework.boot.devtools.autoconfigure.OptionalLiveReloadServer 58 startServer - LiveReload server is running on port 35729
[2020-02-12 11:58:08] INFO  springfox.documentation.spring.web.PropertySourcedRequestMappingHandlerMapping 69 initHandlerMethods - Mapped URL path [/v2/api-docs] onto method [springfox.documentation.swagger2.web.Swagger2Controller#getDocumentation(String, HttpServletRequest)]
[2020-02-12 11:58:08] INFO  org.springframework.scheduling.concurrent.ExecutorConfigurationSupport 171 initialize - Initializing ExecutorService 'applicationTaskExecutor'
[2020-02-12 11:58:08] INFO  org.springframework.boot.autoconfigure.web.servlet.WelcomePageHandlerMapping 58 <init> - Adding welcome page template: index
[2020-02-12 11:58:08] INFO  springfox.documentation.spring.web.plugins.DocumentationPluginsBootstrapper 160 start - Context refreshed
[2020-02-12 11:58:08] INFO  springfox.documentation.spring.web.plugins.DocumentationPluginsBootstrapper 163 start - Found 1 custom documentation plugin(s)
[2020-02-12 11:58:09] INFO  springfox.documentation.spring.web.scanners.ApiListingReferenceScanner 41 scan - Scanning for api listing references
[2020-02-12 11:58:09] INFO  org.springframework.boot.web.embedded.tomcat.TomcatWebServer 204 start - Tomcat started on port(s): 8085 (http) with context path ''
[2020-02-12 11:58:09] INFO  org.springframework.boot.StartupInfoLogger 61 logStarted - Started DablApplication in 10.558 seconds (JVM running for 14.249)
[2020-02-12 11:58:24] INFO  org.apache.juli.logging.DirectJDKLog 173 log - Initializing Spring DispatcherServlet 'dispatcherServlet'
[2020-02-12 11:58:24] INFO  org.springframework.web.servlet.FrameworkServlet 525 initServletBean - Initializing Servlet 'dispatcherServlet'
[2020-02-12 11:58:24] INFO  org.springframework.web.servlet.FrameworkServlet 547 initServletBean - Completed initialization in 8 ms
[2020-02-12 11:58:24] INFO  com.alibaba.druid.pool.DruidDataSource 928 init - {dataSource-1} inited
[2020-02-12 12:08:11] INFO  org.springframework.boot.StartupInfoLogger 55 logStarting - Starting DablApplication on DESKTOP-O54NTPF with PID 23400 (D:\WORK\XM\dabl\target\classes started by 57148 in D:\WORK\XM\dabl)
[2020-02-12 12:08:11] INFO  org.springframework.boot.SpringApplication 655 logStartupProfileInfo - The following profiles are active: dev
[2020-02-12 12:08:11] INFO  org.springframework.boot.logging.DeferredLog 225 logTo - Devtools property defaults active! Set 'spring.devtools.add-properties' to 'false' to disable
[2020-02-12 12:08:11] INFO  org.springframework.boot.logging.DeferredLog 225 logTo - For additional web related logging consider setting the 'logging.level.web' property to 'DEBUG'
[2020-02-12 12:08:12] INFO  org.springframework.data.repository.config.RepositoryConfigurationDelegate 249 multipleStoresDetected - Multiple Spring Data modules found, entering strict repository configuration mode!
[2020-02-12 12:08:12] INFO  org.springframework.data.repository.config.RepositoryConfigurationDelegate 127 registerRepositoriesIn - Bootstrapping Spring Data Elasticsearch repositories in DEFAULT mode.
[2020-02-12 12:08:12] INFO  org.springframework.data.repository.config.RepositoryConfigurationDelegate 187 registerRepositoriesIn - Finished Spring Data repository scanning in 98ms. Found 1 Elasticsearch repository interfaces.
[2020-02-12 12:08:12] INFO  org.springframework.data.repository.config.RepositoryConfigurationDelegate 249 multipleStoresDetected - Multiple Spring Data modules found, entering strict repository configuration mode!
[2020-02-12 12:08:12] INFO  org.springframework.data.repository.config.RepositoryConfigurationDelegate 127 registerRepositoriesIn - Bootstrapping Spring Data Reactive Elasticsearch repositories in DEFAULT mode.
[2020-02-12 12:08:12] INFO  org.springframework.data.repository.config.RepositoryConfigurationDelegate 187 registerRepositoriesIn - Finished Spring Data repository scanning in 30ms. Found 0 Reactive Elasticsearch repository interfaces.
[2020-02-12 12:08:12] INFO  org.springframework.data.repository.config.RepositoryConfigurationDelegate 249 multipleStoresDetected - Multiple Spring Data modules found, entering strict repository configuration mode!
[2020-02-12 12:08:12] INFO  org.springframework.data.repository.config.RepositoryConfigurationDelegate 127 registerRepositoriesIn - Bootstrapping Spring Data Redis repositories in DEFAULT mode.
[2020-02-12 12:08:12] INFO  org.springframework.data.repository.config.RepositoryConfigurationExtensionSupport 348 isStrictRepositoryCandidate - Spring Data Redis - Could not safely identify store assignment for repository candidate interface marco.zlc.dabl.modules.system.entity.SysElasticSerach. If you want this repository to be a Redis repository, consider annotating your entities with one of these annotations: org.springframework.data.redis.core.RedisHash (preferred), or consider extending one of the following types with your repository: org.springframework.data.keyvalue.repository.KeyValueRepository.
[2020-02-12 12:08:12] INFO  org.springframework.data.repository.config.RepositoryConfigurationDelegate 187 registerRepositoriesIn - Finished Spring Data repository scanning in 26ms. Found 0 Redis repository interfaces.
[2020-02-12 12:08:13] INFO  org.springframework.context.support.PostProcessorRegistrationDelegate$BeanPostProcessorChecker 330 postProcessAfterInitialization - Bean 'org.springframework.transaction.annotation.ProxyTransactionManagementConfiguration' of type [org.springframework.transaction.annotation.ProxyTransactionManagementConfiguration] is not eligible for getting processed by all BeanPostProcessors (for example: not eligible for auto-proxying)
[2020-02-12 12:08:13] INFO  org.springframework.boot.web.embedded.tomcat.TomcatWebServer 92 initialize - Tomcat initialized with port(s): 8085 (http)
[2020-02-12 12:08:13] INFO  org.apache.juli.logging.DirectJDKLog 173 log - Starting service [Tomcat]
[2020-02-12 12:08:13] INFO  org.apache.juli.logging.DirectJDKLog 173 log - Starting Servlet engine: [Apache Tomcat/9.0.30]
[2020-02-12 12:08:13] INFO  org.apache.juli.logging.DirectJDKLog 173 log - Loaded APR based Apache Tomcat Native library [1.2.23] using APR version [1.7.0].
[2020-02-12 12:08:13] INFO  org.apache.juli.logging.DirectJDKLog 173 log - APR capabilities: IPv6 [true], sendfile [true], accept filters [false], random [true].
[2020-02-12 12:08:13] INFO  org.apache.juli.logging.DirectJDKLog 173 log - APR/OpenSSL configuration: useAprConnector [false], useOpenSSL [true]
[2020-02-12 12:08:13] INFO  org.apache.juli.logging.DirectJDKLog 173 log - OpenSSL successfully initialized [OpenSSL 1.1.1c  28 May 2019]
[2020-02-12 12:08:14] INFO  org.apache.juli.logging.DirectJDKLog 173 log - Initializing Spring embedded WebApplicationContext
[2020-02-12 12:08:14] INFO  org.springframework.boot.web.servlet.context.ServletWebServerApplicationContext 284 prepareWebApplicationContext - Root WebApplicationContext: initialization completed in 3032 ms
[2020-02-12 12:08:14] INFO  org.springframework.boot.web.servlet.DynamicRegistrationBean 110 register - Servlet statViewServlet was not registered (possibly already registered?)
[2020-02-12 12:08:14] INFO  org.springframework.boot.web.servlet.DynamicRegistrationBean 110 register - Filter webStatFilter was not registered (possibly already registered?)
[2020-02-12 12:08:14] INFO  org.messaginghub.pooled.jms.JmsPoolConnectionFactory 198 setConnectionFactory - Provided ConnectionFactory implementation is JMS 2.0+ capable.
[2020-02-12 12:08:15] INFO  org.elasticsearch.plugins.PluginsService 197 logPluginInfo - no modules loaded
[2020-02-12 12:08:15] INFO  org.elasticsearch.plugins.PluginsService 200 logPluginInfo - loaded plugin [org.elasticsearch.index.reindex.ReindexPlugin]
[2020-02-12 12:08:15] INFO  org.elasticsearch.plugins.PluginsService 200 logPluginInfo - loaded plugin [org.elasticsearch.join.ParentJoinPlugin]
[2020-02-12 12:08:15] INFO  org.elasticsearch.plugins.PluginsService 200 logPluginInfo - loaded plugin [org.elasticsearch.percolator.PercolatorPlugin]
[2020-02-12 12:08:15] INFO  org.elasticsearch.plugins.PluginsService 200 logPluginInfo - loaded plugin [org.elasticsearch.script.mustache.MustachePlugin]
[2020-02-12 12:08:15] INFO  org.elasticsearch.plugins.PluginsService 200 logPluginInfo - loaded plugin [org.elasticsearch.transport.Netty4Plugin]
[2020-02-12 12:08:17] INFO  org.springframework.data.elasticsearch.client.TransportClientFactoryBean 88 lambda$buildClient$0 - Adding transport node : 127.0.0.1:9300
[2020-02-12 12:08:19] INFO  org.springframework.boot.devtools.autoconfigure.OptionalLiveReloadServer 58 startServer - LiveReload server is running on port 35729
[2020-02-12 12:08:21] INFO  org.apache.juli.logging.DirectJDKLog 173 log - Stopping service [Tomcat]
[2020-02-12 12:09:29] INFO  org.springframework.boot.StartupInfoLogger 55 logStarting - Starting DablApplication on DESKTOP-O54NTPF with PID 16144 (D:\WORK\XM\dabl\target\classes started by 57148 in D:\WORK\XM\dabl)
[2020-02-12 12:09:29] INFO  org.springframework.boot.SpringApplication 655 logStartupProfileInfo - The following profiles are active: dev
[2020-02-12 12:09:29] INFO  org.springframework.boot.logging.DeferredLog 225 logTo - Devtools property defaults active! Set 'spring.devtools.add-properties' to 'false' to disable
[2020-02-12 12:09:29] INFO  org.springframework.boot.logging.DeferredLog 225 logTo - For additional web related logging consider setting the 'logging.level.web' property to 'DEBUG'
[2020-02-12 12:09:30] INFO  org.springframework.data.repository.config.RepositoryConfigurationDelegate 249 multipleStoresDetected - Multiple Spring Data modules found, entering strict repository configuration mode!
[2020-02-12 12:09:30] INFO  org.springframework.data.repository.config.RepositoryConfigurationDelegate 127 registerRepositoriesIn - Bootstrapping Spring Data Elasticsearch repositories in DEFAULT mode.
[2020-02-12 12:09:30] INFO  org.springframework.data.repository.config.RepositoryConfigurationDelegate 187 registerRepositoriesIn - Finished Spring Data repository scanning in 80ms. Found 1 Elasticsearch repository interfaces.
[2020-02-12 12:09:30] INFO  org.springframework.data.repository.config.RepositoryConfigurationDelegate 249 multipleStoresDetected - Multiple Spring Data modules found, entering strict repository configuration mode!
[2020-02-12 12:09:30] INFO  org.springframework.data.repository.config.RepositoryConfigurationDelegate 127 registerRepositoriesIn - Bootstrapping Spring Data Reactive Elasticsearch repositories in DEFAULT mode.
[2020-02-12 12:09:30] INFO  org.springframework.data.repository.config.RepositoryConfigurationDelegate 187 registerRepositoriesIn - Finished Spring Data repository scanning in 21ms. Found 0 Reactive Elasticsearch repository interfaces.
[2020-02-12 12:09:30] INFO  org.springframework.data.repository.config.RepositoryConfigurationDelegate 249 multipleStoresDetected - Multiple Spring Data modules found, entering strict repository configuration mode!
[2020-02-12 12:09:30] INFO  org.springframework.data.repository.config.RepositoryConfigurationDelegate 127 registerRepositoriesIn - Bootstrapping Spring Data Redis repositories in DEFAULT mode.
[2020-02-12 12:09:30] INFO  org.springframework.data.repository.config.RepositoryConfigurationExtensionSupport 348 isStrictRepositoryCandidate - Spring Data Redis - Could not safely identify store assignment for repository candidate interface marco.zlc.dabl.modules.system.entity.SysElasticSerach. If you want this repository to be a Redis repository, consider annotating your entities with one of these annotations: org.springframework.data.redis.core.RedisHash (preferred), or consider extending one of the following types with your repository: org.springframework.data.keyvalue.repository.KeyValueRepository.
[2020-02-12 12:09:30] INFO  org.springframework.data.repository.config.RepositoryConfigurationDelegate 187 registerRepositoriesIn - Finished Spring Data repository scanning in 21ms. Found 0 Redis repository interfaces.
[2020-02-12 12:09:30] INFO  org.springframework.context.support.PostProcessorRegistrationDelegate$BeanPostProcessorChecker 330 postProcessAfterInitialization - Bean 'org.springframework.transaction.annotation.ProxyTransactionManagementConfiguration' of type [org.springframework.transaction.annotation.ProxyTransactionManagementConfiguration] is not eligible for getting processed by all BeanPostProcessors (for example: not eligible for auto-proxying)
[2020-02-12 12:09:31] INFO  org.springframework.boot.web.embedded.tomcat.TomcatWebServer 92 initialize - Tomcat initialized with port(s): 8085 (http)
[2020-02-12 12:09:31] INFO  org.apache.juli.logging.DirectJDKLog 173 log - Starting service [Tomcat]
[2020-02-12 12:09:31] INFO  org.apache.juli.logging.DirectJDKLog 173 log - Starting Servlet engine: [Apache Tomcat/9.0.30]
[2020-02-12 12:09:31] INFO  org.apache.juli.logging.DirectJDKLog 173 log - Loaded APR based Apache Tomcat Native library [1.2.23] using APR version [1.7.0].
[2020-02-12 12:09:31] INFO  org.apache.juli.logging.DirectJDKLog 173 log - APR capabilities: IPv6 [true], sendfile [true], accept filters [false], random [true].
[2020-02-12 12:09:31] INFO  org.apache.juli.logging.DirectJDKLog 173 log - APR/OpenSSL configuration: useAprConnector [false], useOpenSSL [true]
[2020-02-12 12:09:31] INFO  org.apache.juli.logging.DirectJDKLog 173 log - OpenSSL successfully initialized [OpenSSL 1.1.1c  28 May 2019]
[2020-02-12 12:09:31] INFO  org.apache.juli.logging.DirectJDKLog 173 log - Initializing Spring embedded WebApplicationContext
[2020-02-12 12:09:31] INFO  org.springframework.boot.web.servlet.context.ServletWebServerApplicationContext 284 prepareWebApplicationContext - Root WebApplicationContext: initialization completed in 2315 ms
[2020-02-12 12:09:31] INFO  org.springframework.boot.web.servlet.DynamicRegistrationBean 110 register - Servlet statViewServlet was not registered (possibly already registered?)
[2020-02-12 12:09:31] INFO  org.springframework.boot.web.servlet.DynamicRegistrationBean 110 register - Filter webStatFilter was not registered (possibly already registered?)
[2020-02-12 12:09:31] INFO  org.messaginghub.pooled.jms.JmsPoolConnectionFactory 198 setConnectionFactory - Provided ConnectionFactory implementation is JMS 2.0+ capable.
[2020-02-12 12:09:32] INFO  org.elasticsearch.plugins.PluginsService 197 logPluginInfo - no modules loaded
[2020-02-12 12:09:32] INFO  org.elasticsearch.plugins.PluginsService 200 logPluginInfo - loaded plugin [org.elasticsearch.index.reindex.ReindexPlugin]
[2020-02-12 12:09:32] INFO  org.elasticsearch.plugins.PluginsService 200 logPluginInfo - loaded plugin [org.elasticsearch.join.ParentJoinPlugin]
[2020-02-12 12:09:32] INFO  org.elasticsearch.plugins.PluginsService 200 logPluginInfo - loaded plugin [org.elasticsearch.percolator.PercolatorPlugin]
[2020-02-12 12:09:32] INFO  org.elasticsearch.plugins.PluginsService 200 logPluginInfo - loaded plugin [org.elasticsearch.script.mustache.MustachePlugin]
[2020-02-12 12:09:32] INFO  org.elasticsearch.plugins.PluginsService 200 logPluginInfo - loaded plugin [org.elasticsearch.transport.Netty4Plugin]
[2020-02-12 12:09:35] INFO  org.springframework.data.elasticsearch.client.TransportClientFactoryBean 88 lambda$buildClient$0 - Adding transport node : 127.0.0.1:9300
[2020-02-12 12:09:36] INFO  org.springframework.boot.devtools.autoconfigure.OptionalLiveReloadServer 58 startServer - LiveReload server is running on port 35729
[2020-02-12 12:09:37] INFO  springfox.documentation.spring.web.PropertySourcedRequestMappingHandlerMapping 69 initHandlerMethods - Mapped URL path [/v2/api-docs] onto method [springfox.documentation.swagger2.web.Swagger2Controller#getDocumentation(String, HttpServletRequest)]
[2020-02-12 12:09:37] INFO  org.springframework.scheduling.concurrent.ExecutorConfigurationSupport 171 initialize - Initializing ExecutorService 'applicationTaskExecutor'
[2020-02-12 12:09:37] INFO  org.springframework.boot.autoconfigure.web.servlet.WelcomePageHandlerMapping 58 <init> - Adding welcome page template: index
[2020-02-12 12:09:38] INFO  springfox.documentation.spring.web.plugins.DocumentationPluginsBootstrapper 160 start - Context refreshed
[2020-02-12 12:09:38] INFO  springfox.documentation.spring.web.plugins.DocumentationPluginsBootstrapper 163 start - Found 1 custom documentation plugin(s)
[2020-02-12 12:09:38] INFO  springfox.documentation.spring.web.scanners.ApiListingReferenceScanner 41 scan - Scanning for api listing references
[2020-02-12 12:09:38] INFO  org.springframework.boot.web.embedded.tomcat.TomcatWebServer 204 start - Tomcat started on port(s): 8085 (http) with context path ''
[2020-02-12 12:09:38] INFO  org.springframework.boot.StartupInfoLogger 61 logStarted - Started DablApplication in 9.844 seconds (JVM running for 13.281)
[2020-02-12 12:10:21] INFO  org.apache.juli.logging.DirectJDKLog 173 log - Initializing Spring DispatcherServlet 'dispatcherServlet'
[2020-02-12 12:10:21] INFO  org.springframework.web.servlet.FrameworkServlet 525 initServletBean - Initializing Servlet 'dispatcherServlet'
[2020-02-12 12:10:21] INFO  org.springframework.web.servlet.FrameworkServlet 547 initServletBean - Completed initialization in 8 ms
[2020-02-12 12:10:27] INFO  com.alibaba.druid.pool.DruidDataSource 928 init - {dataSource-1} inited
